/boards {} {"title":"Autotest board","columns":[{"title":"Backlog","order":1},{"title":"Sprint","order":2}]}
/users {} {}
/boards/571ac2a7-9510-4cdd-b704-30dde752ebde/tasks {} {"title":"Autotest task","order":0,"description":"Lorem ipsum","userId":null,"boardId":null,"columnId":null}
/boards {} {"title":"Autotest board","columns":[{"title":"Backlog","order":1},{"title":"Sprint","order":2}]}
/boards/571ac2a7-9510-4cdd-b704-30dde752ebde/tasks {} {}
/users {} {"name":"TEST_USER","login":"test_user","password":"T35t_P@55w0rd"}
/boards {} {}
/users/35dece66-871c-43a9-b86e-ff21c3b052f7 {} {}
/boards/571ac2a7-9510-4cdd-b704-30dde752ebde/tasks {} {}
/users/35dece66-871c-43a9-b86e-ff21c3b052f7 {} {}
/boards/571ac2a7-9510-4cdd-b704-30dde752ebde/tasks/22081b6d-7b0b-45f7-9637-14ce7094003d {} {}
/users {} {"name":"TEST_USER","login":"test_user","password":"T35t_P@55w0rd"}
/boards {} {}
/boards/571ac2a7-9510-4cdd-b704-30dde752ebde/tasks {} {"title":"Autotest task","order":0,"description":"Lorem ipsum","userId":null,"boardId":null,"columnId":null}
/boards/2001 {} {}
/users/2812f146-103b-4a1b-aa73-da3e6a091a8b {} {}
/boards/571ac2a7-9510-4cdd-b704-30dde752ebde/tasks {} {"title":"Autotest task","order":0,"description":"Lorem ipsum","userId":null,"boardId":null,"columnId":null}
/users {} {"name":"TEST_USER","login":"test_user","password":"T35t_P@55w0rd"}
/boards {} {"title":"Autotest board","columns":[{"title":"Backlog","order":1},{"title":"Sprint","order":2}]}
/boards/571ac2a7-9510-4cdd-b704-30dde752ebde/tasks/28756cb1-180f-4cae-8b3b-1823f46ad51c {} {"id":"28756cb1-180f-4cae-8b3b-1823f46ad51c","title":"Autotest updated task","order":0,"description":"Lorem ipsum","userId":null,"boardId":"571ac2a7-9510-4cdd-b704-30dde752ebde","columnId":null}
/users/34c8c781-68cb-4339-b2be-295e54c014ea {} {"name":"Autotest updated TEST_USER","login":"test_user","password":"T35t_P@55w0rd","id":"34c8c781-68cb-4339-b2be-295e54c014ea"}
/boards/571ac2a7-9510-4cdd-b704-30dde752ebde/tasks/28756cb1-180f-4cae-8b3b-1823f46ad51c {} {}
/boards {} {"title":"Autotest board","columns":[{"title":"Backlog","order":1},{"title":"Sprint","order":2}]}
/users/34c8c781-68cb-4339-b2be-295e54c014ea {} {}
/boards/571ac2a7-9510-4cdd-b704-30dde752ebde/tasks/22081b6d-7b0b-45f7-9637-14ce7094003d {} {}
/boards/31329358-4ad9-4496-9ee6-9743839c2c86 {} {"id":"31329358-4ad9-4496-9ee6-9743839c2c86","title":"Autotest updated board","columns":[{"id":"f8d696cb-5083-4d40-acd1-511feef861aa","title":"Backlog","order":1},{"id":"882ebcb5-ee9b-42d0-a6c1-0d95a0ced5c0","title":"Sprint","order":2}]}
/users/34c8c781-68cb-4339-b2be-295e54c014ea {} {}
/boards/571ac2a7-9510-4cdd-b704-30dde752ebde/tasks/22081b6d-7b0b-45f7-9637-14ce7094003d {} {}
/boards/31329358-4ad9-4496-9ee6-9743839c2c86 {} {}
/users {} {"name":"TEST_USER","login":"test_user","password":"T35t_P@55w0rd"}
/boards/22081b6d-7b0b-45f7-9637-14ce7094003d/tasks/undefined {} {}
/boards/31329358-4ad9-4496-9ee6-9743839c2c86 {} {}
/users/96441625-5a0e-43e5-b830-8ed92a4472ea {} {}
/boards/571ac2a7-9510-4cdd-b704-30dde752ebde {} {}
/boards {} {}
/users {} {"name":"TEST_USER","login":"test_user","password":"T35t_P@55w0rd"}
/boards/2001 {} {}
/boards {} {"title":"Autotest board","columns":[{"title":"Backlog","order":1},{"title":"Sprint","order":2}]}
/boards/2001 {} {}
/boards/d8e281c0-49f9-46e0-8f00-5ccd4aef0a52/tasks {} {"title":"Task #1","order":1,"description":"Lorem ipsum","userId":"aa28c6ed-c505-4b68-9b63-294e8cc2798a","boardId":"d8e281c0-49f9-46e0-8f00-5ccd4aef0a52"}
/boards/d8e281c0-49f9-46e0-8f00-5ccd4aef0a52/tasks {} {"title":"Task #2","order":2,"description":"Lorem ipsum","userId":"aa28c6ed-c505-4b68-9b63-294e8cc2798a","boardId":"d8e281c0-49f9-46e0-8f00-5ccd4aef0a52"}
/boards {} {"title":"Autotest board","columns":[{"title":"Backlog","order":1},{"title":"Sprint","order":2}]}
/users/aa28c6ed-c505-4b68-9b63-294e8cc2798a {} {}
/boards/d8e281c0-49f9-46e0-8f00-5ccd4aef0a52/tasks/a62cd023-8c1d-4412-87e2-02c4fc092c2a {} {}
/boards/61ac1af3-dd7f-4e6f-86ff-3d265b9e28d6/tasks {} {"title":"Task #1","order":1,"description":"Lorem ipsum","boardId":"61ac1af3-dd7f-4e6f-86ff-3d265b9e28d6","userId":null,"columnId":null}
/boards/61ac1af3-dd7f-4e6f-86ff-3d265b9e28d6/tasks {} {"title":"Task #2","order":2,"description":"Lorem ipsum","boardId":"61ac1af3-dd7f-4e6f-86ff-3d265b9e28d6","userId":null,"columnId":null}
/boards/61ac1af3-dd7f-4e6f-86ff-3d265b9e28d6/tasks {} {"title":"Task #5","order":5,"description":"Lorem ipsum","boardId":"61ac1af3-dd7f-4e6f-86ff-3d265b9e28d6","userId":null,"columnId":null}
/boards/61ac1af3-dd7f-4e6f-86ff-3d265b9e28d6/tasks {} {"title":"Task #3","order":3,"description":"Lorem ipsum","boardId":"61ac1af3-dd7f-4e6f-86ff-3d265b9e28d6","userId":null,"columnId":null}
/boards/61ac1af3-dd7f-4e6f-86ff-3d265b9e28d6/tasks {} {"title":"Task #4","order":4,"description":"Lorem ipsum","boardId":"61ac1af3-dd7f-4e6f-86ff-3d265b9e28d6","userId":null,"columnId":null}
/boards/d8e281c0-49f9-46e0-8f00-5ccd4aef0a52/tasks/857bda3c-009f-411e-a7ad-22afda404ab7 {} {}
/boards/d8e281c0-49f9-46e0-8f00-5ccd4aef0a52/tasks/a62cd023-8c1d-4412-87e2-02c4fc092c2a {} {}
/boards/d8e281c0-49f9-46e0-8f00-5ccd4aef0a52/tasks/857bda3c-009f-411e-a7ad-22afda404ab7 {} {}
/boards/61ac1af3-dd7f-4e6f-86ff-3d265b9e28d6/tasks/de21e3bd-43c8-4cf7-aabc-acee890781b5 {} {}
/boards/61ac1af3-dd7f-4e6f-86ff-3d265b9e28d6/tasks/090db835-bb1d-4803-9244-1ba110b2574f {} {}
/boards/61ac1af3-dd7f-4e6f-86ff-3d265b9e28d6/tasks/3ec137c5-2aaf-466f-a6b7-d4388f6c0adb {} {}
/boards/61ac1af3-dd7f-4e6f-86ff-3d265b9e28d6/tasks/6c1280a3-3306-4d3c-9729-a48f27298528 {} {}
/boards/61ac1af3-dd7f-4e6f-86ff-3d265b9e28d6/tasks/b35bf615-9753-4e7d-b2fb-88a543d58725 {} {}
/boards/d8e281c0-49f9-46e0-8f00-5ccd4aef0a52 {} {}
/boards/61ac1af3-dd7f-4e6f-86ff-3d265b9e28d6 {} {}
/boards/61ac1af3-dd7f-4e6f-86ff-3d265b9e28d6/tasks/3ec137c5-2aaf-466f-a6b7-d4388f6c0adb {} {}
/boards/61ac1af3-dd7f-4e6f-86ff-3d265b9e28d6/tasks/090db835-bb1d-4803-9244-1ba110b2574f {} {}
/boards/61ac1af3-dd7f-4e6f-86ff-3d265b9e28d6/tasks/de21e3bd-43c8-4cf7-aabc-acee890781b5 {} {}
/boards/61ac1af3-dd7f-4e6f-86ff-3d265b9e28d6/tasks/6c1280a3-3306-4d3c-9729-a48f27298528 {} {}
/boards/61ac1af3-dd7f-4e6f-86ff-3d265b9e28d6/tasks/b35bf615-9753-4e7d-b2fb-88a543d58725 {} {}
